<?xml version="1.0" encoding="UTF-8"?>
<!-- Generated by org.testng.reporters.JUnitXMLReporter -->
<testsuite ignored="0" hostname="Oracle" failures="0" tests="5" name="Surefire test" time="6.574" errors="0" timestamp="2021-09-21T01:26:00 IST">
  <testcase classname="Testlocal" name="TC_get02" time="5.744"/>
  <testcase classname="Testlocal" name="TC_patch04" time="0.391"/>
  <testcase classname="Testlocal" name="TC_patch05" time="0.083"/>
  <testcase classname="Testlocal" name="TC_post01" time="0.137"/>
  <testcase classname="Testlocal" name="TC_put03" time="0.135"/>
</testsuite> <!-- Surefire test -->
