<?xml version="1.0" encoding="UTF-8"?>
<testng-results ignored="0" total="5" passed="5" failed="0" skipped="0">
  <reporter-output>
  </reporter-output>
  <suite started-at="2021-09-21T01:25:54 IST" name="Surefire suite" finished-at="2021-09-21T01:26:00 IST" duration-ms="6574">
    <groups>
    </groups>
    <test started-at="2021-09-21T01:25:54 IST" name="Surefire test" finished-at="2021-09-21T01:26:00 IST" duration-ms="6574">
      <class name="Testlocal">
        <test-method signature="TC_get02()[pri:0, instance:Testlocal@101df177]" started-at="2021-09-21T01:25:54 IST" name="TC_get02" finished-at="2021-09-21T01:25:59 IST" duration-ms="5744" status="PASS">
          <reporter-output>
          </reporter-output>
        </test-method> <!-- TC_get02 -->
        <test-method signature="TC_patch04()[pri:0, instance:Testlocal@101df177]" started-at="2021-09-21T01:25:59 IST" name="TC_patch04" finished-at="2021-09-21T01:26:00 IST" duration-ms="391" status="PASS">
          <reporter-output>
          </reporter-output>
        </test-method> <!-- TC_patch04 -->
        <test-method signature="TC_patch05()[pri:0, instance:Testlocal@101df177]" started-at="2021-09-21T01:26:00 IST" name="TC_patch05" finished-at="2021-09-21T01:26:00 IST" duration-ms="83" status="PASS">
          <reporter-output>
          </reporter-output>
        </test-method> <!-- TC_patch05 -->
        <test-method signature="TC_post01()[pri:0, instance:Testlocal@101df177]" started-at="2021-09-21T01:26:00 IST" name="TC_post01" finished-at="2021-09-21T01:26:00 IST" duration-ms="137" status="PASS">
          <reporter-output>
          </reporter-output>
        </test-method> <!-- TC_post01 -->
        <test-method signature="TC_put03()[pri:0, instance:Testlocal@101df177]" started-at="2021-09-21T01:26:00 IST" name="TC_put03" finished-at="2021-09-21T01:26:00 IST" duration-ms="135" status="PASS">
          <reporter-output>
          </reporter-output>
        </test-method> <!-- TC_put03 -->
      </class> <!-- Testlocal -->
    </test> <!-- Surefire test -->
  </suite> <!-- Surefire suite -->
</testng-results>
