<?xml version="1.0" encoding="UTF-8"?>
<testsuite xmlns:xsi="http://www.w3.org/2001/XMLSchema-instance" xsi:noNamespaceSchemaLocation="https://maven.apache.org/surefire/maven-surefire-plugin/xsd/surefire-test-report.xsd" name="Testlocal" time="7.796" tests="5" errors="0" skipped="0" failures="0">
  <properties>
[...]
</properties>
  <testcase name="TC_get02" classname="Testlocal" time="5.746"/>
  <testcase name="TC_patch04" classname="Testlocal" time="0.389"/>
  <testcase name="TC_patch05" classname="Testlocal" time="0.145"/>
  <testcase name="TC_post01" classname="Testlocal" time="0.097"/>
  <testcase name="TC_put03" classname="Testlocal" time="0.121"/>
</testsuite>