<?xml version="1.0" encoding="UTF-8"?>
<!-- Generated by org.testng.reporters.JUnitXMLReporter -->
<testsuite ignored="6" hostname="Oracle" failures="0" tests="1" name="Default test" time="5.379" errors="0" timestamp="2021-09-24T14:39:35 IST">
  <testcase classname="TC_get" name="tc_05" time="5.318"/>
  <testcase classname="TC_get" name="tc_04" time="0.0">
    <ignored/>
  </testcase> <!-- tc_04 -->
  <testcase classname="TC_get" name="tc_06" time="0.0">
    <ignored/>
  </testcase> <!-- tc_06 -->
  <testcase classname="TC_get" name="tc_03" time="0.0">
    <ignored/>
  </testcase> <!-- tc_03 -->
  <testcase classname="TC_get" name="tc_02" time="0.0">
    <ignored/>
  </testcase> <!-- tc_02 -->
  <testcase classname="TC_get" name="tc_01" time="0.0">
    <ignored/>
  </testcase> <!-- tc_01 -->
  <testcase classname="TC_get" name="TC_07" time="0.0">
    <ignored/>
  </testcase> <!-- TC_07 -->
</testsuite> <!-- Default test -->
