<?xml version="1.0" encoding="UTF-8"?>
<!-- Generated by org.testng.reporters.JUnitXMLReporter -->
<testsuite hostname="SIDDHAKH05" ignored="0" name="CheckCourse" tests="1" failures="1" timestamp="12 Oct 2018 09:21:19 GMT" time="16.615" errors="0">
  <testcase name="validation" time="0.679" classname="com.training.tests.checkCourse">
    <failure type="java.lang.AssertionError" message="expected [true] but found [false]">
      <![CDATA[java.lang.AssertionError: expected [true] but found [false]
	at com.training.tests.checkCourse.validation(checkCourse.java:29)
... Removed 29 stack frames]]>
    </failure>
  </testcase> <!-- validation -->
</testsuite> <!-- CheckCourse -->
