<?xml version="1.0" encoding="UTF-8"?>
<!-- Generated by org.testng.reporters.JUnitXMLReporter -->
<testsuite hostname="BRIJB05" ignored="0" name="CreateNewCustomerLead" tests="1" failures="1" timestamp="24 Apr 2018 17:44:17 GMT" time="16.273" errors="0">
  <testcase name="validation" time="3.723" classname="com.training.tests.CreateNewCustomerLead">
    <failure type="java.lang.NullPointerException">
      <![CDATA[java.lang.NullPointerException
	at org.openqa.selenium.remote.RemoteWebElement.isDisplayed(RemoteWebElement.java:323)
	at AutoHackathon.Project.CommonLib.sendKeys(CommonLib.java:202)
	at com.training.pages.CreateNewCustomerLead.fCreateCustomerLead(CreateNewCustomerLead.java:57)
	at com.training.tests.CreateNewCustomerLead.validation(CreateNewCustomerLead.java:36)
... Removed 25 stack frames]]>
    </failure>
  </testcase> <!-- validation -->
</testsuite> <!-- CreateNewCustomerLead -->
