<?xml version="1.0" encoding="UTF-8"?>
<!-- Generated by org.testng.reporters.JUnitXMLReporter -->
<testsuite ignored="5" hostname="Oracle" failures="0" tests="1" name="Default test" time="3.518" errors="0" timestamp="2021-09-21T11:55:25 IST">
  <testcase classname="Testlocal" name="TC_get02" time="3.459"/>
  <testcase classname="Testlocal" name="TC_put03" time="0.0">
    <ignored/>
  </testcase> <!-- TC_put03 -->
  <testcase classname="Testlocal" name="TC_Del06" time="0.0">
    <ignored/>
  </testcase> <!-- TC_Del06 -->
  <testcase classname="Testlocal" name="TC_patch04" time="0.0">
    <ignored/>
  </testcase> <!-- TC_patch04 -->
  <testcase classname="Testlocal" name="TC_post01" time="0.0">
    <ignored/>
  </testcase> <!-- TC_post01 -->
  <testcase classname="Testlocal" name="TC_patch05" time="0.0">
    <ignored/>
  </testcase> <!-- TC_patch05 -->
</testsuite> <!-- Default test -->
