<?xml version="1.0" encoding="UTF-8"?>
<testng-results skipped="0" failed="0" ignored="1" total="2" passed="1">
  <reporter-output>
  </reporter-output>
  <suite name="Default suite" duration-ms="2682" started-at="2021-10-26T12:20:14 IST" finished-at="2021-10-26T12:20:17 IST">
    <groups>
    </groups>
    <test name="Default test" duration-ms="2682" started-at="2021-10-26T12:20:14 IST" finished-at="2021-10-26T12:20:17 IST">
      <class name="paytm">
        <test-method status="PASS" signature="bfrtest()[pri:0, instance:paytm@27a5f880]" name="bfrtest" is-config="true" duration-ms="626" started-at="2021-10-26T12:20:14 IST" finished-at="2021-10-26T12:20:15 IST">
          <reporter-output>
          </reporter-output>
        </test-method> <!-- bfrtest -->
        <test-method status="PASS" signature="TC_003_post()[pri:0, instance:paytm@27a5f880]" name="TC_003_post" duration-ms="2013" started-at="2021-10-26T12:20:15 IST" finished-at="2021-10-26T12:20:17 IST">
          <reporter-output>
          </reporter-output>
        </test-method> <!-- TC_003_post -->
      </class> <!-- paytm -->
    </test> <!-- Default test -->
  </suite> <!-- Default suite -->
</testng-results>
